2023-09-05 19:20:59,608 =============================================================
2023-09-05 19:20:59,608 =============================================================
2023-09-05 19:20:59,608 Today is 2023-09-05 at 07:20 PM
2023-09-05 19:20:59,621 This file is running on: nt Windows 10
2023-09-05 19:20:59,621 The Python version is: 3.11.4
2023-09-05 19:20:59,621 The active conda environment is:  None
2023-09-05 19:20:59,621 The active pip environment is:    None
2023-09-05 19:20:59,621 The active environment path is:   C:\Users\Valer\AppData\Local\Programs\Python\Python311
2023-09-05 19:20:59,621 The current working directory is: C:\Users\Valer\Desktop\Lesson01\datafun-03-datatypes
2023-09-05 19:20:59,621 This source file is in:           c:\Users\Valer\Desktop\Lesson01\datafun-03-datatypes
2023-09-05 19:20:59,621 =============================================================
2023-09-05 19:20:59,621 =============================================================
2023-09-05 19:20:59,621 Calling functions from main block
2023-09-05 19:20:59,621 tupleA = (1, 2, 3, 4, 5)
2023-09-05 19:20:59,621 tupleB = (4, 5, 6, 7, 8)
2023-09-05 19:20:59,621 tupleA = (1, 2, 3, 4, 5)
2023-09-05 19:20:59,621 tupleB = (4, 5, 6, 7, 8)
2023-09-05 19:20:59,621 tupleCat = (1, 2, 3, 4, 5, 4, 5, 6, 7, 8)
2023-09-05 19:20:59,621 tupleAThrice = (1, 2, 3, 4, 5, 1, 2, 3, 4, 5, 1, 2, 3, 4, 5)
2023-09-05 19:20:59,621 Quotient: 3, Remainder: 1
2023-09-05 19:20:59,621 setA = {1, 2, 3, 4, 5}
2023-09-05 19:20:59,621 setB = {4, 5, 6, 7, 8}
2023-09-05 19:20:59,621 dogA_dict = {'name': 'Rex', 'age': 2, 'weight_kg': 13.4}
2023-09-05 19:20:59,621 dogB_dict = {'name': 'Fido', 'age': 3, 'weight_kg': 15.2}
2023-09-05 19:20:59,621 assessment_dict = {'low': 0, 'medium': 1, 'high': 2}
2023-09-05 19:20:59,621 data_dict = {'name': ['Alice', 'Bob', 'Charlie', 'David'], 'age': [25, 30, 35, 40], 'income': [50000, 60000, 70000, 80000]}
2023-09-05 19:20:59,621 Word count is a good way to begin processing text.
2023-09-05 19:20:59,621 Given text_simple.txt, the word_counts_dict = {'One': 1, 'fish': 3, 'two': 1, 'red': 1, 'blue': 1, 'fish.': 1}
2023-09-05 19:20:59,621 Given text_simple.txt and comprehensions,
2023-09-05 19:20:59,621 the the word_counts_dict2 = {'One': 1, 'fish': 3, 'two': 1, 'red': 1, 'blue': 1, 'fish.': 1}
2023-09-05 19:20:59,621 Add more logging statements to the code to see what happens.
2023-09-05 19:20:59,621 Explore enough to understand.
2023-09-05 19:20:59,621 Apply these skills to your own topic domain.
