2023-09-09 22:59:49,087 =============================================================
2023-09-09 22:59:49,087 =============================================================
2023-09-09 22:59:49,087 Today is 2023-09-09 at 10:59 PM
2023-09-09 22:59:49,116 This file is running on: nt Windows 10
2023-09-09 22:59:49,116 The Python version is: 3.11.4
2023-09-09 22:59:49,116 The active conda environment is:  None
2023-09-09 22:59:49,116 The active pip environment is:    None
2023-09-09 22:59:49,116 The active environment path is:   C:\Users\Valer\AppData\Local\Programs\Python\Python311
2023-09-09 22:59:49,116 The current working directory is: C:\Users\Valer\Desktop\Lesson01\datafun-03-datatypes
2023-09-09 22:59:49,116 This source file is in:           c:\Users\Valer\Desktop\Lesson01\datafun-03-datatypes
2023-09-09 22:59:49,116 =============================================================
2023-09-09 22:59:49,116 =============================================================
2023-09-09 22:59:49,116 Calling functions from main block
2023-09-09 22:59:49,116 Calling process_text_woodchuck()
2023-09-09 22:59:49,122 The list of words is: ['How', 'much', 'wood', 'would', 'a', 'woodchuck', 'chuck', 'if', 'a', 'woodchuck', 'could', 'chuck', 'wood?', 'He', 'would', 'chuck,', 'he', 'would,', 'as', 'much', 'as', 'he', 'could,', 'and', 'chuck', 'as', 'much', 'wood', 'as', 'a', 'woodchuck', 'would', 'if', 'a', 'woodchuck', 'could', 'chuck', 'wood.']
2023-09-09 22:59:49,122 There are 38 words in the file.
2023-09-09 22:59:49,122 The set of unique words is: {'would', 'chuck,', 'he', 'wood?', 'as', 'if', 'woodchuck', 'He', 'much', 'could', 'could,', 'a', 'and', 'How', 'chuck', 'would,', 'wood.', 'wood'}
2023-09-09 22:59:49,122 There are 18 unique words in the file.
2023-09-09 22:59:49,122 Calling create_random_sentence()
2023-09-09 22:59:49,122 Random sentence: The scared dog swims scaredly.
2023-09-09 22:59:49,122 Calling create_random_sentence()
2023-09-09 22:59:49,122 Random sentence: The scared snake crawls slowly.
2023-09-09 22:59:49,122 Calling play_game()
2023-09-09 22:59:49,122 ready_for_continous_game = True
